d:\users\alulab14\documents\l11_20170014\mecprodconsoleapp\x64\debug\mecprodconsoleapp.pch
d:\users\alulab14\documents\l11_20170014\mecprodconsoleapp\x64\debug\vc143.pdb
d:\users\alulab14\documents\l11_20170014\mecprodconsoleapp\x64\debug\pch.obj
d:\users\alulab14\documents\l11_20170014\mecprodconsoleapp\x64\debug\mecprodconsoleapp.obj
d:\users\alulab14\documents\l11_20170014\mecprodconsoleapp\x64\debug\assemblyinfo.obj
d:\users\alulab14\documents\l11_20170014\mecprodconsoleapp\x64\debug\.netframework,version=v4.8.assemblyattributes.obj
d:\users\alulab14\documents\l11_20170014\x64\debug\mecprodconsoleapp.exe
d:\users\alulab14\documents\l11_20170014\x64\debug\mecprodconsoleapp.pdb
d:\users\alulab14\documents\l11_20170014\mecprodconsoleapp\x64\debug\app.res
d:\users\alulab14\documents\l11_20170014\mecprodconsoleapp\x64\debug\mecprodc.2770bb2a.tlog\cl.command.1.tlog
d:\users\alulab14\documents\l11_20170014\mecprodconsoleapp\x64\debug\mecprodc.2770bb2a.tlog\cl.items.tlog
d:\users\alulab14\documents\l11_20170014\mecprodconsoleapp\x64\debug\mecprodc.2770bb2a.tlog\cl.read.1.tlog
d:\users\alulab14\documents\l11_20170014\mecprodconsoleapp\x64\debug\mecprodc.2770bb2a.tlog\cl.write.1.tlog
d:\users\alulab14\documents\l11_20170014\mecprodconsoleapp\x64\debug\mecprodc.2770bb2a.tlog\link.command.1.tlog
d:\users\alulab14\documents\l11_20170014\mecprodconsoleapp\x64\debug\mecprodc.2770bb2a.tlog\link.read.1.tlog
d:\users\alulab14\documents\l11_20170014\mecprodconsoleapp\x64\debug\mecprodc.2770bb2a.tlog\link.secondary.1.tlog
d:\users\alulab14\documents\l11_20170014\mecprodconsoleapp\x64\debug\mecprodc.2770bb2a.tlog\link.write.1.tlog
d:\users\alulab14\documents\l11_20170014\mecprodconsoleapp\x64\debug\mecprodc.2770bb2a.tlog\metagen.read.1.tlog
d:\users\alulab14\documents\l11_20170014\mecprodconsoleapp\x64\debug\mecprodc.2770bb2a.tlog\metagen.write.1.tlog
d:\users\alulab14\documents\l11_20170014\mecprodconsoleapp\x64\debug\mecprodc.2770bb2a.tlog\rc.command.1.tlog
d:\users\alulab14\documents\l11_20170014\mecprodconsoleapp\x64\debug\mecprodc.2770bb2a.tlog\rc.read.1.tlog
d:\users\alulab14\documents\l11_20170014\mecprodconsoleapp\x64\debug\mecprodc.2770bb2a.tlog\rc.write.1.tlog
