d:\users\alulab14\documents\l11_20170014\mecprodcontroller\x64\debug\mecprodcontroller.pch
d:\users\alulab14\documents\l11_20170014\mecprodcontroller\x64\debug\vc143.pdb
d:\users\alulab14\documents\l11_20170014\mecprodcontroller\x64\debug\pch.obj
d:\users\alulab14\documents\l11_20170014\mecprodcontroller\x64\debug\mecprodcontroller.obj
d:\users\alulab14\documents\l11_20170014\mecprodcontroller\x64\debug\assemblyinfo.obj
d:\users\alulab14\documents\l11_20170014\mecprodcontroller\x64\debug\.netframework,version=v4.8.assemblyattributes.obj
d:\users\alulab14\documents\l11_20170014\x64\debug\mecprodcontroller.dll
d:\users\alulab14\documents\l11_20170014\x64\debug\mecprodcontroller.pdb
d:\users\alulab14\documents\l11_20170014\mecprodcontroller\x64\debug\app.res
d:\users\alulab14\documents\l11_20170014\mecprodcontroller\x64\debug\mecprodc.796dd945.tlog\cl.command.1.tlog
d:\users\alulab14\documents\l11_20170014\mecprodcontroller\x64\debug\mecprodc.796dd945.tlog\cl.items.tlog
d:\users\alulab14\documents\l11_20170014\mecprodcontroller\x64\debug\mecprodc.796dd945.tlog\cl.read.1.tlog
d:\users\alulab14\documents\l11_20170014\mecprodcontroller\x64\debug\mecprodc.796dd945.tlog\cl.write.1.tlog
d:\users\alulab14\documents\l11_20170014\mecprodcontroller\x64\debug\mecprodc.796dd945.tlog\link.command.1.tlog
d:\users\alulab14\documents\l11_20170014\mecprodcontroller\x64\debug\mecprodc.796dd945.tlog\link.read.1.tlog
d:\users\alulab14\documents\l11_20170014\mecprodcontroller\x64\debug\mecprodc.796dd945.tlog\link.secondary.1.tlog
d:\users\alulab14\documents\l11_20170014\mecprodcontroller\x64\debug\mecprodc.796dd945.tlog\link.write.1.tlog
d:\users\alulab14\documents\l11_20170014\mecprodcontroller\x64\debug\mecprodc.796dd945.tlog\metagen.read.1.tlog
d:\users\alulab14\documents\l11_20170014\mecprodcontroller\x64\debug\mecprodc.796dd945.tlog\metagen.write.1.tlog
d:\users\alulab14\documents\l11_20170014\mecprodcontroller\x64\debug\mecprodc.796dd945.tlog\rc.command.1.tlog
d:\users\alulab14\documents\l11_20170014\mecprodcontroller\x64\debug\mecprodc.796dd945.tlog\rc.read.1.tlog
d:\users\alulab14\documents\l11_20170014\mecprodcontroller\x64\debug\mecprodc.796dd945.tlog\rc.write.1.tlog
